FaceSticker/proguard-project.txt
# To enable ProGuard in your project, edit project.properties
# to define the proguard.config property as described in that file.
#
# Add project specific ProGuard rules here.
# By default, the flags in this file are appended to flags specified
# in ${sdk.dir}/tools/proguard/proguard-android.txt
# You can edit the include path and order by changing the ProGuard
# include property in project.properties.
#
# For more details, see
#   http://developer.android.com/guide/developing/tools/proguard.html

# Add any project specific keep options here:

# If your project uses WebView with JS, uncomment the following
# and specify the fully qualified class name to the JavaScript interface
# class:
#-keepclassmembers class fqcn.of.javascript.interface.for.webview {
#   public *;
#}

-libraryjars   libs/android-support-v4.jar 
-dontwarn android.support.v4.**     
-keep class android.support.v4.** { *; }   
-keep interface android.support.v4.app.** { *; }   
-keep public class * extends android.support.v4.**   

-libraryjars libs/mobidroid.jar
-dontwarn com.netease.mobidroid.**
-keep class com.netease.mobidroid.** { *; }

-libraryjars libs/fastjson-1.1.36.jar
-dontwarn com.alibaba.fastjson.**
-keep class com.alibaba.fastjson.** { *; }
