FaceSticker/proguard/seeds.txt
com.netease.facebeauty.FaceBeautyApplication
com.netease.facebeauty.FaceBeautyApplication: FaceBeautyApplication()
com.netease.facebeauty.R$anim: int rotateanimation
com.netease.facebeauty.R$array: int note_describtion
com.netease.facebeauty.R$color: int about_text_color
com.netease.facebeauty.R$color: int about_text_color2
com.netease.facebeauty.R$color: int app_background
com.netease.facebeauty.R$color: int background
com.netease.facebeauty.R$color: int black
com.netease.facebeauty.R$color: int color_btn_text
com.netease.facebeauty.R$color: int color_btn_text_outline
com.netease.facebeauty.R$color: int line_color
com.netease.facebeauty.R$color: int material_background
com.netease.facebeauty.R$color: int pink
com.netease.facebeauty.R$color: int selector_group_text_color
com.netease.facebeauty.R$color: int white
com.netease.facebeauty.R$drawable: int about_friends_circle
com.netease.facebeauty.R$drawable: int about_logo
com.netease.facebeauty.R$drawable: int about_wechat
com.netease.facebeauty.R$drawable: int about_weibo
com.netease.facebeauty.R$drawable: int alert_dark_face
com.netease.facebeauty.R$drawable: int alert_down_face
com.netease.facebeauty.R$drawable: int alert_glass_face
com.netease.facebeauty.R$drawable: int alert_left_face
com.netease.facebeauty.R$drawable: int alert_right_face
com.netease.facebeauty.R$drawable: int alert_wrong
com.netease.facebeauty.R$drawable: int alert_yes
com.netease.facebeauty.R$drawable: int btn_common_return
com.netease.facebeauty.R$drawable: int btn_face_beauty_save
com.netease.facebeauty.R$drawable: int btn_main_camera
com.netease.facebeauty.R$drawable: int btn_main_gallery
com.netease.facebeauty.R$drawable: int camera_btn
com.netease.facebeauty.R$drawable: int common_return
com.netease.facebeauty.R$drawable: int common_return_pressed
com.netease.facebeauty.R$drawable: int face_beauty_guide_first
com.netease.facebeauty.R$drawable: int face_beauty_guide_last
com.netease.facebeauty.R$drawable: int face_beauty_overlay
com.netease.facebeauty.R$drawable: int face_beauty_save
com.netease.facebeauty.R$drawable: int face_beauty_save_pressed
com.netease.facebeauty.R$drawable: int gallary_btn
com.netease.facebeauty.R$drawable: int ic_launcher
com.netease.facebeauty.R$drawable: int main_background
com.netease.facebeauty.R$id: int back_icon
com.netease.facebeauty.R$id: int btnSave
com.netease.facebeauty.R$id: int common_title_back
com.netease.facebeauty.R$id: int common_title_center_txt
com.netease.facebeauty.R$id: int common_title_setting
com.netease.facebeauty.R$id: int common_title_txt
com.netease.facebeauty.R$id: int face_iv
com.netease.facebeauty.R$id: int gvModels
com.netease.facebeauty.R$id: int hsvModels
com.netease.facebeauty.R$id: int ivAbout
com.netease.facebeauty.R$id: int ivHintShow
com.netease.facebeauty.R$id: int ivLogo
com.netease.facebeauty.R$id: int ivModels
com.netease.facebeauty.R$id: int ivWeChat
com.netease.facebeauty.R$id: int ivWeibo
com.netease.facebeauty.R$id: int ivYiXin
com.netease.facebeauty.R$id: int llChoose
com.netease.facebeauty.R$id: int llDemostration
com.netease.facebeauty.R$id: int llModel
com.netease.facebeauty.R$id: int llSaveAndShare
com.netease.facebeauty.R$id: int llShare
com.netease.facebeauty.R$id: int notificationImage
com.netease.facebeauty.R$id: int notificationPercent
com.netease.facebeauty.R$id: int notificationProgress
com.netease.facebeauty.R$id: int notificationTitle
com.netease.facebeauty.R$id: int openCameraBtn
com.netease.facebeauty.R$id: int pickImageBtn
com.netease.facebeauty.R$id: int rlTitle
com.netease.facebeauty.R$id: int title
com.netease.facebeauty.R$id: int tvChoosePhotoAgain
com.netease.facebeauty.R$id: int tvComment
com.netease.facebeauty.R$id: int tvHint
...
android.support.v4.app.ActivityCompat
android.support.v4.app.ActivityCompat: ActivityCompat()
android.support.v4.app.ActivityCompat: boolean invalidateOptionsMenu(android.app.Activity)
android.support.v4.app.ActivityCompat: void startActivity(android.app.Activity,android.content.Intent,android.os.Bundle)
android.support.v4.app.ActivityCompat: void startActivityForResult(android.app.Activity,android.content.Intent,int,android.os.Bundle)
android.support.v4.app.ActivityCompatHoneycomb
android.support.v4.app.ActivityCompatHoneycomb: ActivityCompatHoneycomb()
android.support.v4.app.ActivityCompatHoneycomb: void invalidateOptionsMenu(android.app.Activity)
android.support.v4.app.ActivityCompatHoneycomb: void dump(android.app.Activity,java.lang.String,java.io.FileDescriptor,java.io.PrintWriter,java.lang.String[])
android.support.v4.app.ActivityCompatJB
android.support.v4.app.ActivityCompatJB: ActivityCompatJB()
android.support.v4.app.ActivityCompatJB: void startActivity(android.content.Context,android.content.Intent,android.os.Bundle)
android.support.v4.app.ActivityCompatJB: void startActivityForResult(android.app.Activity,android.content.Intent,int,android.os.Bundle)
android.support.v4.app.ActivityOptionsCompat
android.support.v4.app.ActivityOptionsCompat: android.support.v4.app.ActivityOptionsCompat makeCustomAnimation(android.content.Context,int,int)
android.support.v4.app.ActivityOptionsCompat: android.support.v4.app.ActivityOptionsCompat makeScaleUpAnimation(android.view.View,int,int,int,int)
android.support.v4.app.ActivityOptionsCompat: android.support.v4.app.ActivityOptionsCompat makeThumbnailScaleUpAnimation(android.view.View,android.graphics.Bitmap,int,int)
android.support.v4.app.ActivityOptionsCompat: ActivityOptionsCompat()
android.support.v4.app.ActivityOptionsCompat: android.os.Bundle toBundle()
android.support.v4.app.ActivityOptionsCompat: void update(android.support.v4.app.ActivityOptionsCompat)
android.support.v4.app.ActivityOptionsCompat$ActivityOptionsImplJB
android.support.v4.app.ActivityOptionsCompat$ActivityOptionsImplJB: android.support.v4.app.ActivityOptionsCompatJB mImpl
android.support.v4.app.ActivityOptionsCompat$ActivityOptionsImplJB: ActivityOptionsCompat$ActivityOptionsImplJB(android.support.v4.app.ActivityOptionsCompatJB)
android.support.v4.app.ActivityOptionsCompat$ActivityOptionsImplJB: android.os.Bundle toBundle()
android.support.v4.app.ActivityOptionsCompat$ActivityOptionsImplJB: void update(android.support.v4.app.ActivityOptionsCompat)
android.support.v4.app.ActivityOptionsCompatJB
android.support.v4.app.ActivityOptionsCompatJB: android.app.ActivityOptions mActivityOptions
android.support.v4.app.ActivityOptionsCompatJB: android.support.v4.app.ActivityOptionsCompatJB makeCustomAnimation(android.content.Context,int,int)
android.support.v4.app.ActivityOptionsCompatJB: android.support.v4.app.ActivityOptionsCompatJB makeScaleUpAnimation(android.view.View,int,int,int,int)
android.support.v4.app.ActivityOptionsCompatJB: android.support.v4.app.ActivityOptionsCompatJB makeThumbnailScaleUpAnimation(android.view.View,android.graphics.Bitmap,int,int)
android.support.v4.app.ActivityOptionsCompatJB: ActivityOptionsCompatJB(android.app.ActivityOptions)
android.support.v4.app.ActivityOptionsCompatJB: android.os.Bundle toBundle()
android.support.v4.app.ActivityOptionsCompatJB: void update(android.support.v4.app.ActivityOptionsCompatJB)