FaceSticker/proguard/mapping.txt
com.netease.facebeauty.FaceBeautyApplication -> com.netease.facebeauty.FaceBeautyApplication:
    android.graphics.Bitmap resultBitmap -> a
    java.util.ArrayList wordBitmaps -> b
    boolean isUpdate -> c
    boolean isUserChecked -> d
    java.lang.String apkUrl -> e
    java.lang.String apkMessage -> f
    boolean isUserChecked() -> a
    void setUserChecked(boolean) -> a
    boolean checkVersion() -> b
    java.lang.String getUpdateUrl() -> c
    java.lang.String getUpdateMessage() -> d
    java.lang.String getCurrentVersion() -> g
    com.alibaba.fastjson.JSONObject getServerVersion() -> h
    void checkVersionUpdate() -> i
    java.util.ArrayList getWordBitmaps() -> e
    void setWordBitmaps(java.util.List) -> a
    android.graphics.Bitmap getResultBitmap() -> f
    void setResultBitmap(android.graphics.Bitmap) -> a
    void onCreate() -> onCreate
    java.lang.String access$0(com.netease.facebeauty.FaceBeautyApplication) -> a
    com.alibaba.fastjson.JSONObject access$1(com.netease.facebeauty.FaceBeautyApplication) -> b
    void access$2(com.netease.facebeauty.FaceBeautyApplication,java.lang.String) -> a
    void access$3(com.netease.facebeauty.FaceBeautyApplication,java.lang.String) -> b
    void access$4(com.netease.facebeauty.FaceBeautyApplication,boolean) -> a
com.netease.facebeauty.FaceBeautyApplication$1 -> com.netease.facebeauty.a:
    com.netease.facebeauty.FaceBeautyApplication this$0 -> a
    void run() -> run
com.netease.facebeauty.adapter.FaceBeautyModelsAdapter -> com.netease.facebeauty.a.a:
    android.content.Context context -> a
    int[] models -> b
    int getCount() -> getCount
    java.lang.Object getItem(int) -> getItem
    long getItemId(int) -> getItemId
    android.view.View getView(int,android.view.View,android.view.ViewGroup) -> getView
com.netease.facebeauty.adapter.FaceBeautyModelsAdapter$Holder -> com.netease.facebeauty.a.b:
    android.widget.ImageView ivModels -> a
    com.netease.facebeauty.adapter.FaceBeautyModelsAdapter this$0 -> b
com.netease.facebeauty.bean.StickerParameters -> com.netease.facebeauty.b.a:
    int index -> a
    android.graphics.Bitmap bitmap -> b
    android.graphics.Bitmap getBitmap() -> a
com.netease.facebeauty.common.Constants -> com.netease.facebeauty.c.a:
    java.lang.String FOLDER_NAME -> a
    java.lang.String CACHE_FOLDER_NAME -> b
    int[] drawableView -> c
com.netease.facebeauty.ui.AboutActivity -> com.netease.facebeauty.ui.AboutActivity:
    android.widget.LinearLayout llBack -> a
    void onCreate(android.os.Bundle) -> onCreate
    void init() -> a
    void onClick(android.view.View) -> onClick
...
android.support.v4.app.ActivityCompatJB -> android.support.v4.app.ActivityCompatJB:
    void startActivity(android.content.Context,android.content.Intent,android.os.Bundle) -> startActivity
    void startActivityForResult(android.app.Activity,android.content.Intent,int,android.os.Bundle) -> startActivityForResult
android.support.v4.app.ActivityOptionsCompat -> android.support.v4.app.ActivityOptionsCompat:
    android.support.v4.app.ActivityOptionsCompat makeCustomAnimation(android.content.Context,int,int) -> makeCustomAnimation
    android.support.v4.app.ActivityOptionsCompat makeScaleUpAnimation(android.view.View,int,int,int,int) -> makeScaleUpAnimation
    android.support.v4.app.ActivityOptionsCompat makeThumbnailScaleUpAnimation(android.view.View,android.graphics.Bitmap,int,int) -> makeThumbnailScaleUpAnimation
    android.os.Bundle toBundle() -> toBundle
    void update(android.support.v4.app.ActivityOptionsCompat) -> update
android.support.v4.app.ActivityOptionsCompat$ActivityOptionsImplJB -> android.support.v4.app.ActivityOptionsCompat$ActivityOptionsImplJB:
    android.support.v4.app.ActivityOptionsCompatJB mImpl -> mImpl
    android.os.Bundle toBundle() -> toBundle
    void update(android.support.v4.app.ActivityOptionsCompat) -> update
android.support.v4.app.ActivityOptionsCompatJB -> android.support.v4.app.ActivityOptionsCompatJB:
    android.app.ActivityOptions mActivityOptions -> mActivityOptions
    android.support.v4.app.ActivityOptionsCompatJB makeCustomAnimation(android.content.Context,int,int) -> makeCustomAnimation
    android.support.v4.app.ActivityOptionsCompatJB makeScaleUpAnimation(android.view.View,int,int,int,int) -> makeScaleUpAnimation
    android.support.v4.app.ActivityOptionsCompatJB makeThumbnailScaleUpAnimation(android.view.View,android.graphics.Bitmap,int,int) -> makeThumbnailScaleUpAnimation
    android.os.Bundle toBundle() -> toBundle
    void update(android.support.v4.app.ActivityOptionsCompatJB) -> update
android.support.v4.app.BackStackRecord -> android.support.v4.app.BackStackRecord:
    java.lang.String TAG -> TAG
    android.support.v4.app.FragmentManagerImpl mManager -> mManager
    int OP_NULL -> OP_NULL
    int OP_ADD -> OP_ADD
    int OP_REPLACE -> OP_REPLACE
    int OP_REMOVE -> OP_REMOVE
    int OP_HIDE -> OP_HIDE
    int OP_SHOW -> OP_SHOW
    int OP_DETACH -> OP_DETACH
    int OP_ATTACH -> OP_ATTACH
    android.support.v4.app.BackStackRecord$Op mHead -> mHead
    android.support.v4.app.BackStackRecord$Op mTail -> mTail
    int mNumOp -> mNumOp
    int mEnterAnim -> mEnterAnim
    int mExitAnim -> mExitAnim
    int mPopEnterAnim -> mPopEnterAnim
    int mPopExitAnim -> mPopExitAnim
    int mTransition -> mTransition
    int mTransitionStyle -> mTransitionStyle
    boolean mAddToBackStack -> mAddToBackStack
    boolean mAllowAddToBackStack -> mAllowAddToBackStack
    java.lang.String mName -> mName
    boolean mCommitted -> mCommitted
    int mIndex -> mIndex
    int mBreadCrumbTitleRes -> mBreadCrumbTitleRes
    java.lang.CharSequence mBreadCrumbTitleText -> mBreadCrumbTitleText
    int mBreadCrumbShortTitleRes -> mBreadCrumbShortTitleRes
    java.lang.CharSequence mBreadCrumbShortTitleText -> mBreadCrumbShortTitleText
    java.lang.String toString() -> toString
    void dump(java.lang.String,java.io.FileDescriptor,java.io.PrintWriter,java.lang.String[]) -> dump
    void dump(java.lang.String,java.io.PrintWriter,boolean) -> dump
android.support.v4.app.BackStackRecord$Op -> android.support.v4.app.BackStackRecord$Op:
    android.support.v4.app.BackStackRecord$Op next -> next
    android.support.v4.app.BackStackRecord$Op prev -> prev
    int cmd -> cmd
    android.support.v4.app.Fragment fragment -> fragment
    int enterAnim -> enterAnim
    int exitAnim -> exitAnim
    int popEnterAnim -> popEnterAnim
    int popExitAnim -> popExitAnim
    java.util.ArrayList removed -> removed